<?xml version="1.0" encoding="UTF-8"?>
<!-- Generated by org.testng.reporters.JUnitXMLReporter -->
<testsuite hostname="DESKTOP-NAVEEN" name="Test" tests="5" failures="3" timestamp="26 Apr 2022 05:49:59 GMT" time="0.07" errors="0">
  <testcase name="tc1" time="0.013" classname="AutomaticallyRerun.Demo"/>
  <testcase name="tc2" time="0.002" classname="AutomaticallyRerun.Demo">
    <failure type="java.lang.AssertionError" message="expected [true] but found [false]">
      <![CDATA[java.lang.AssertionError: expected [true] but found [false]
	at AutomaticallyRerun.Demo.tc2(Demo.java:17)
... Removed 28 stack frames]]>
    </failure>
  </testcase> <!-- tc2 -->
  <testcase name="tc2" time="0.001" classname="AutomaticallyRerun.Demo">
    <failure type="java.lang.AssertionError" message="expected [true] but found [false]">
      <![CDATA[java.lang.AssertionError: expected [true] but found [false]
	at AutomaticallyRerun.Demo.tc2(Demo.java:17)
... Removed 28 stack frames]]>
    </failure>
  </testcase> <!-- tc2 -->
  <testcase name="tc2" time="0.027" classname="AutomaticallyRerun.Demo">
    <failure type="java.lang.AssertionError" message="expected [true] but found [false]">
      <![CDATA[java.lang.AssertionError: expected [true] but found [false]
	at AutomaticallyRerun.Demo.tc2(Demo.java:17)
... Removed 28 stack frames]]>
    </failure>
  </testcase> <!-- tc2 -->
  <testcase name="tc3" time="0.005" classname="AutomaticallyRerun.Demo"/>
</testsuite> <!-- Test -->
